# JRE version: OpenJDK Runtime Environment Temurin-17.0.10+7 (17.0.10+7) (build 17.0.10+7)
# Java VM: OpenJDK 64-Bit Server VM Temurin-17.0.10+7 (17.0.10+7, mixed mode, emulated-client, tiered, compressed oops, compressed class ptrs, g1 gc, windows-amd64)
GC Precious Log:
 CPUs: 4 total, 4 available
 Memory: 8097M
 Large Page Support: Disabled
 NUMA Support: Disabled
 Compressed Oops: Enabled (32-bit)
 Heap Region Size: 1M
 Heap Min Capacity: 8M
 Heap Initial Capacity: 128M
 Heap Max Capacity: 1G
 Pre-touch: Disabled
 Parallel Workers: 4
 Concurrent Workers: 1
 Concurrent Refinement Workers: 4
 Periodic GC: Disabled
Heap:
 garbage-first heap   total 97280K, used 36329K [0x00000000c0000000, 0x0000000100000000)
  region size 1024K, 1 young (1024K), 0 survivors (0K)
 Metaspace       used 59058K, committed 59584K, reserved 1114112K
  class space    used 7352K, committed 7552K, reserved 1048576K
GC Heap History (20 events):
Event: 2776.159 GC heap before
{Heap before GC invocations=274 (full 224):
 garbage-first heap   total 97280K, used 81454K [0x00000000c0000000, 0x0000000100000000)
  region size 1024K, 35 young (35840K), 2 survivors (2048K)
 Metaspace       used 59126K, committed 59584K, reserved 1114112K
  class space    used 7367K, committed 7552K, reserved 1048576K
}
Event: 2776.161 GC heap after
{Heap after GC invocations=275 (full 224):
 garbage-first heap   total 97280K, used 47467K [0x00000000c0000000, 0x0000000100000000)
  region size 1024K, 2 young (2048K), 2 survivors (2048K)
 Metaspace       used 59126K, committed 59584K, reserved 1114112K
  class space    used 7367K, committed 7552K, reserved 1048576K
}
Event: 2796.094 GC heap before
{Heap before GC invocations=275 (full 224):
 garbage-first heap   total 97280K, used 81259K [0x00000000c0000000, 0x0000000100000000)
  region size 1024K, 35 young (35840K), 2 survivors (2048K)
 Metaspace       used 59133K, committed 59584K, reserved 1114112K
  class space    used 7368K, committed 7552K, reserved 1048576K
}
Event: 2796.098 GC heap after
{Heap after GC invocations=276 (full 224):
 garbage-first heap   total 97280K, used 48237K [0x00000000c0000000, 0x0000000100000000)
  region size 1024K, 2 young (2048K), 2 survivors (2048K)
 Metaspace       used 59133K, committed 59584K, reserved 1114112K
  class space    used 7368K, committed 7552K, reserved 1048576K
}
Event: 2811.114 GC heap before
{Heap before GC invocations=276 (full 224):
 garbage-first heap   total 97280K, used 82029K [0x00000000c0000000, 0x0000000100000000)
  region size 1024K, 35 young (35840K), 2 survivors (2048K)
 Metaspace       used 59133K, committed 59584K, reserved 1114112K
  class space    used 7368K, committed 7552K, reserved 1048576K
}
Event: 2811.119 GC heap after
{Heap after GC invocations=277 (full 224):
 garbage-first heap   total 97280K, used 48721K [0x00000000c0000000, 0x0000000100000000)
  region size 1024K, 3 young (3072K), 3 survivors (3072K)
 Metaspace       used 59133K, committed 59584K, reserved 1114112K
  class space    used 7368K, committed 7552K, reserved 1048576K
}
Event: 2846.269 GC heap before
{Heap before GC invocations=277 (full 224):
 garbage-first heap   total 97280K, used 76369K [0x00000000c0000000, 0x0000000100000000)
  region size 1024K, 31 young (31744K), 3 survivors (3072K)
 Metaspace       used 59133K, committed 59584K, reserved 1114112K
  class space    used 7368K, committed 7552K, reserved 1048576K
}
Event: 2846.383 GC heap after
{Heap after GC invocations=278 (full 225):
 garbage-first heap   total 97280K, used 36646K [0x00000000c0000000, 0x0000000100000000)
  region size 1024K, 0 young (0K), 0 survivors (0K)
 Metaspace       used 59090K, committed 59584K, reserved 1114112K
  class space    used 7357K, committed 7552K, reserved 1048576K
}
Event: 2856.638 GC heap before
{Heap before GC invocations=278 (full 225):
 garbage-first heap   total 97280K, used 36646K [0x00000000c0000000, 0x0000000100000000)
  region size 1024K, 1 young (1024K), 0 survivors (0K)
 Metaspace       used 59090K, committed 59584K, reserved 1114112K
  class space    used 7357K, committed 7552K, reserved 1048576K
}
Event: 2856.693 GC heap after
{Heap after GC invocations=279 (full 226):
 garbage-first heap   total 97280K, used 36494K [0x00000000c0000000, 0x0000000100000000)
  region size 1024K, 0 young (0K), 0 survivors (0K)
 Metaspace       used 59090K, committed 59584K, reserved 1114112K
  class space    used 7357K, committed 7552K, reserved 1048576K
}
Event: 2867.129 GC heap before
{Heap before GC invocations=279 (full 226):
 garbage-first heap   total 97280K, used 36494K [0x00000000c0000000, 0x0000000100000000)
  region size 1024K, 1 young (1024K), 0 survivors (0K)
 Metaspace       used 59090K, committed 59584K, reserved 1114112K
  class space    used 7357K, committed 7552K, reserved 1048576K
}
Event: 2867.193 GC heap after
{Heap after GC invocations=280 (full 227):
 garbage-first heap   total 97280K, used 36471K [0x00000000c0000000, 0x0000000100000000)
  region size 1024K, 0 young (0K), 0 survivors (0K)
 Metaspace       used 59090K, committed 59584K, reserved 1114112K
  class space    used 7357K, committed 7552K, reserved 1048576K
}
Event: 2878.644 GC heap before
{Heap before GC invocations=280 (full 227):
 garbage-first heap   total 97280K, used 36471K [0x00000000c0000000, 0x0000000100000000)
  region size 1024K, 1 young (1024K), 0 survivors (0K)
 Metaspace       used 59090K, committed 59584K, reserved 1114112K
  class space    used 7357K, committed 7552K, reserved 1048576K
}
Event: 2878.712 GC heap after
{Heap after GC invocations=281 (full 228):
 garbage-first heap   total 97280K, used 36469K [0x00000000c0000000, 0x0000000100000000)
  region size 1024K, 0 young (0K), 0 survivors (0K)
 Metaspace       used 59090K, committed 59584K, reserved 1114112K
  class space    used 7357K, committed 7552K, reserved 1048576K
}
Event: 2888.944 GC heap before
{Heap before GC invocations=281 (full 228):
 garbage-first heap   total 97280K, used 36469K [0x00000000c0000000, 0x0000000100000000)
  region size 1024K, 1 young (1024K), 0 survivors (0K)
 Metaspace       used 59090K, committed 59584K, reserved 1114112K
  class space    used 7357K, committed 7552K, reserved 1048576K
}
Event: 2889.006 GC heap after
{Heap after GC invocations=282 (full 229):
 garbage-first heap   total 97280K, used 36329K [0x00000000c0000000, 0x0000000100000000)
  region size 1024K, 0 young (0K), 0 survivors (0K)
 Metaspace       used 59058K, committed 59584K, reserved 1114112K
  class space    used 7352K, committed 7552K, reserved 1048576K
}
Event: 2899.280 GC heap before
{Heap before GC invocations=282 (full 229):
 garbage-first heap   total 97280K, used 36329K [0x00000000c0000000, 0x0000000100000000)
  region size 1024K, 1 young (1024K), 0 survivors (0K)
 Metaspace       used 59058K, committed 59584K, reserved 1114112K
  class space    used 7352K, committed 7552K, reserved 1048576K
}
Event: 2899.335 GC heap after
{Heap after GC invocations=283 (full 230):
 garbage-first heap   total 97280K, used 36329K [0x00000000c0000000, 0x0000000100000000)
  region size 1024K, 0 young (0K), 0 survivors (0K)
 Metaspace       used 59058K, committed 59584K, reserved 1114112K
  class space    used 7352K, committed 7552K, reserved 1048576K
}
Event: 2909.574 GC heap before
{Heap before GC invocations=283 (full 230):
 garbage-first heap   total 97280K, used 36329K [0x00000000c0000000, 0x0000000100000000)
  region size 1024K, 1 young (1024K), 0 survivors (0K)
 Metaspace       used 59058K, committed 59584K, reserved 1114112K
  class space    used 7352K, committed 7552K, reserved 1048576K
}
Event: 2909.633 GC heap after
{Heap after GC invocations=284 (full 231):
 garbage-first heap   total 97280K, used 36329K [0x00000000c0000000, 0x0000000100000000)
  region size 1024K, 0 young (0K), 0 survivors (0K)
 Metaspace       used 59058K, committed 59584K, reserved 1114112K
  class space    used 7352K, committed 7552K, reserved 1048576K
}

