# JRE version: OpenJDK Runtime Environment Temurin-17.0.10+7 (17.0.10+7) (build 17.0.10+7)
# Java VM: OpenJDK 64-Bit Server VM Temurin-17.0.10+7 (17.0.10+7, mixed mode, tiered, compressed oops, compressed class ptrs, parallel gc, windows-amd64)
GC Precious Log:
 CPUs: 4 total, 4 available
 Memory: 8097M
 Large Page Support: Disabled
 NUMA Support: Disabled
 Compressed Oops: Enabled (32-bit)
 Alignments: Space 512K, Generation 512K, Heap 2M
 Heap Min Capacity: 100M
 Heap Initial Capacity: 100M
 Heap Max Capacity: 1G
 Pre-touch: Disabled
 Parallel Workers: 4
Heap:
 PSYoungGen      total 21504K, used 19941K [0x00000000eab00000, 0x00000000ec300000, 0x0000000100000000)
  eden space 18432K, 93% used [0x00000000eab00000,0x00000000ebbe0ff0,0x00000000ebd00000)
  from space 3072K, 86% used [0x00000000ec000000,0x00000000ec298700,0x00000000ec300000)
  to   space 3072K, 0% used [0x00000000ebd00000,0x00000000ebd00000,0x00000000ec000000)
 ParOldGen       total 68608K, used 34689K [0x00000000c0000000, 0x00000000c4300000, 0x00000000eab00000)
  object space 68608K, 50% used [0x00000000c0000000,0x00000000c21e0700,0x00000000c4300000)
 Metaspace       used 55917K, committed 57088K, reserved 1114112K
  class space    used 6078K, committed 6592K, reserved 1048576K
GC Heap History (20 events):
Event: 13.429 GC heap before
{Heap before GC invocations=17 (full 2):
 PSYoungGen      total 23040K, used 23040K [0x00000000eab00000, 0x00000000ec600000, 0x0000000100000000)
  eden space 22016K, 100% used [0x00000000eab00000,0x00000000ec080000,0x00000000ec080000)
  from space 1024K, 100% used [0x00000000ec500000,0x00000000ec600000,0x00000000ec600000)
  to   space 2048K, 0% used [0x00000000ec200000,0x00000000ec200000,0x00000000ec400000)
 ParOldGen       total 68608K, used 18421K [0x00000000c0000000, 0x00000000c4300000, 0x00000000eab00000)
  object space 68608K, 26% used [0x00000000c0000000,0x00000000c11fd590,0x00000000c4300000)
 Metaspace       used 48066K, committed 49152K, reserved 1114112K
  class space    used 5203K, committed 5696K, reserved 1048576K
}
Event: 13.433 GC heap after
{Heap after GC invocations=17 (full 2):
 PSYoungGen      total 24064K, used 2045K [0x00000000eab00000, 0x00000000ec780000, 0x0000000100000000)
  eden space 22016K, 0% used [0x00000000eab00000,0x00000000eab00000,0x00000000ec080000)
  from space 2048K, 99% used [0x00000000ec200000,0x00000000ec3ff658,0x00000000ec400000)
  to   space 3584K, 0% used [0x00000000ec400000,0x00000000ec400000,0x00000000ec780000)
 ParOldGen       total 68608K, used 19467K [0x00000000c0000000, 0x00000000c4300000, 0x00000000eab00000)
  object space 68608K, 28% used [0x00000000c0000000,0x00000000c1302f40,0x00000000c4300000)
 Metaspace       used 48066K, committed 49152K, reserved 1114112K
  class space    used 5203K, committed 5696K, reserved 1048576K
}
Event: 14.716 GC heap before
{Heap before GC invocations=18 (full 2):
 PSYoungGen      total 24064K, used 24061K [0x00000000eab00000, 0x00000000ec780000, 0x0000000100000000)
  eden space 22016K, 99% used [0x00000000eab00000,0x00000000ec07fff8,0x00000000ec080000)
  from space 2048K, 99% used [0x00000000ec200000,0x00000000ec3ff658,0x00000000ec400000)
  to   space 3584K, 0% used [0x00000000ec400000,0x00000000ec400000,0x00000000ec780000)
 ParOldGen       total 68608K, used 19467K [0x00000000c0000000, 0x00000000c4300000, 0x00000000eab00000)
  object space 68608K, 28% used [0x00000000c0000000,0x00000000c1302f40,0x00000000c4300000)
 Metaspace       used 50665K, committed 51712K, reserved 1114112K
  class space    used 5524K, committed 6016K, reserved 1048576K
}
Event: 14.721 GC heap after
{Heap after GC invocations=18 (full 2):
 PSYoungGen      total 23552K, used 1200K [0x00000000eab00000, 0x00000000ec580000, 0x0000000100000000)
  eden space 22016K, 0% used [0x00000000eab00000,0x00000000eab00000,0x00000000ec080000)
  from space 1536K, 78% used [0x00000000ec400000,0x00000000ec52c010,0x00000000ec580000)
  to   space 2048K, 0% used [0x00000000ec180000,0x00000000ec180000,0x00000000ec380000)
 ParOldGen       total 68608K, used 21529K [0x00000000c0000000, 0x00000000c4300000, 0x00000000eab00000)
  object space 68608K, 31% used [0x00000000c0000000,0x00000000c15067b8,0x00000000c4300000)
 Metaspace       used 50665K, committed 51712K, reserved 1114112K
  class space    used 5524K, committed 6016K, reserved 1048576K
}
Event: 15.250 GC heap before
{Heap before GC invocations=19 (full 2):
 PSYoungGen      total 23552K, used 23216K [0x00000000eab00000, 0x00000000ec580000, 0x0000000100000000)
  eden space 22016K, 100% used [0x00000000eab00000,0x00000000ec080000,0x00000000ec080000)
  from space 1536K, 78% used [0x00000000ec400000,0x00000000ec52c010,0x00000000ec580000)
  to   space 2048K, 0% used [0x00000000ec180000,0x00000000ec180000,0x00000000ec380000)
 ParOldGen       total 68608K, used 21529K [0x00000000c0000000, 0x00000000c4300000, 0x00000000eab00000)
  object space 68608K, 31% used [0x00000000c0000000,0x00000000c15067b8,0x00000000c4300000)
 Metaspace       used 51663K, committed 52736K, reserved 1114112K
  class space    used 5610K, committed 6080K, reserved 1048576K
}
Event: 15.255 GC heap after
{Heap after GC invocations=19 (full 2):
 PSYoungGen      total 23552K, used 1088K [0x00000000eab00000, 0x00000000ec480000, 0x0000000100000000)
  eden space 22016K, 0% used [0x00000000eab00000,0x00000000eab00000,0x00000000ec080000)
  from space 1536K, 70% used [0x00000000ec180000,0x00000000ec290000,0x00000000ec300000)
  to   space 1536K, 0% used [0x00000000ec300000,0x00000000ec300000,0x00000000ec480000)
 ParOldGen       total 68608K, used 22577K [0x00000000c0000000, 0x00000000c4300000, 0x00000000eab00000)
  object space 68608K, 32% used [0x00000000c0000000,0x00000000c160c7f8,0x00000000c4300000)
 Metaspace       used 51663K, committed 52736K, reserved 1114112K
  class space    used 5610K, committed 6080K, reserved 1048576K
}
Event: 16.025 GC heap before
{Heap before GC invocations=20 (full 2):
 PSYoungGen      total 23552K, used 23104K [0x00000000eab00000, 0x00000000ec480000, 0x0000000100000000)
  eden space 22016K, 100% used [0x00000000eab00000,0x00000000ec080000,0x00000000ec080000)
  from space 1536K, 70% used [0x00000000ec180000,0x00000000ec290000,0x00000000ec300000)
  to   space 1536K, 0% used [0x00000000ec300000,0x00000000ec300000,0x00000000ec480000)
 ParOldGen       total 68608K, used 22577K [0x00000000c0000000, 0x00000000c4300000, 0x00000000eab00000)
  object space 68608K, 32% used [0x00000000c0000000,0x00000000c160c7f8,0x00000000c4300000)
 Metaspace       used 52542K, committed 53568K, reserved 1114112K
  class space    used 5713K, committed 6144K, reserved 1048576K
}
Event: 16.031 GC heap after
{Heap after GC invocations=20 (full 2):
 PSYoungGen      total 22528K, used 1504K [0x00000000eab00000, 0x00000000ec780000, 0x0000000100000000)
  eden space 20992K, 0% used [0x00000000eab00000,0x00000000eab00000,0x00000000ebf80000)
  from space 1536K, 97% used [0x00000000ec300000,0x00000000ec478040,0x00000000ec480000)
  to   space 3584K, 0% used [0x00000000ebf80000,0x00000000ebf80000,0x00000000ec300000)
 ParOldGen       total 68608K, used 23864K [0x00000000c0000000, 0x00000000c4300000, 0x00000000eab00000)
  object space 68608K, 34% used [0x00000000c0000000,0x00000000c174e1e8,0x00000000c4300000)
 Metaspace       used 52542K, committed 53568K, reserved 1114112K
  class space    used 5713K, committed 6144K, reserved 1048576K
}
Event: 16.791 GC heap before
{Heap before GC invocations=21 (full 2):
 PSYoungGen      total 22528K, used 22496K [0x00000000eab00000, 0x00000000ec780000, 0x0000000100000000)
  eden space 20992K, 100% used [0x00000000eab00000,0x00000000ebf80000,0x00000000ebf80000)
  from space 1536K, 97% used [0x00000000ec300000,0x00000000ec478040,0x00000000ec480000)
  to   space 3584K, 0% used [0x00000000ebf80000,0x00000000ebf80000,0x00000000ec300000)
 ParOldGen       total 68608K, used 23864K [0x00000000c0000000, 0x00000000c4300000, 0x00000000eab00000)
  object space 68608K, 34% used [0x00000000c0000000,0x00000000c174e1e8,0x00000000c4300000)
 Metaspace       used 52719K, committed 53760K, reserved 1114112K
  class space    used 5732K, committed 6208K, reserved 1048576K
}
Event: 16.796 GC heap after
{Heap after GC invocations=21 (full 2):
 PSYoungGen      total 23040K, used 2016K [0x00000000eab00000, 0x00000000ec480000, 0x0000000100000000)
  eden space 20992K, 0% used [0x00000000eab00000,0x00000000eab00000,0x00000000ebf80000)
  from space 2048K, 98% used [0x00000000ebf80000,0x00000000ec178010,0x00000000ec180000)
  to   space 2560K, 0% used [0x00000000ec200000,0x00000000ec200000,0x00000000ec480000)
 ParOldGen       total 68608K, used 25360K [0x00000000c0000000, 0x00000000c4300000, 0x00000000eab00000)
  object space 68608K, 36% used [0x00000000c0000000,0x00000000c18c4248,0x00000000c4300000)
 Metaspace       used 52719K, committed 53760K, reserved 1114112K
  class space    used 5732K, committed 6208K, reserved 1048576K
}
Event: 17.827 GC heap before
{Heap before GC invocations=22 (full 2):
 PSYoungGen      total 23040K, used 23008K [0x00000000eab00000, 0x00000000ec480000, 0x0000000100000000)
  eden space 20992K, 100% used [0x00000000eab00000,0x00000000ebf80000,0x00000000ebf80000)
  from space 2048K, 98% used [0x00000000ebf80000,0x00000000ec178010,0x00000000ec180000)
  to   space 2560K, 0% used [0x00000000ec200000,0x00000000ec200000,0x00000000ec480000)
 ParOldGen       total 68608K, used 25360K [0x00000000c0000000, 0x00000000c4300000, 0x00000000eab00000)
  object space 68608K, 36% used [0x00000000c0000000,0x00000000c18c4248,0x00000000c4300000)
 Metaspace       used 53372K, committed 54400K, reserved 1114112K
  class space    used 5797K, committed 6272K, reserved 1048576K
}
Event: 17.831 GC heap after
{Heap after GC invocations=22 (full 2):
 PSYoungGen      total 23040K, used 1696K [0x00000000eab00000, 0x00000000ec400000, 0x0000000100000000)
  eden space 20992K, 0% used [0x00000000eab00000,0x00000000eab00000,0x00000000ebf80000)
  from space 2048K, 82% used [0x00000000ec200000,0x00000000ec3a8010,0x00000000ec400000)
  to   space 2048K, 0% used [0x00000000ebf80000,0x00000000ebf80000,0x00000000ec180000)
 ParOldGen       total 68608K, used 27252K [0x00000000c0000000, 0x00000000c4300000, 0x00000000eab00000)
  object space 68608K, 39% used [0x00000000c0000000,0x00000000c1a9d2c0,0x00000000c4300000)
 Metaspace       used 53372K, committed 54400K, reserved 1114112K
  class space    used 5797K, committed 6272K, reserved 1048576K
}
Event: 18.146 GC heap before
{Heap before GC invocations=23 (full 2):
 PSYoungGen      total 23040K, used 22688K [0x00000000eab00000, 0x00000000ec400000, 0x0000000100000000)
  eden space 20992K, 100% used [0x00000000eab00000,0x00000000ebf80000,0x00000000ebf80000)
  from space 2048K, 82% used [0x00000000ec200000,0x00000000ec3a8010,0x00000000ec400000)
  to   space 2048K, 0% used [0x00000000ebf80000,0x00000000ebf80000,0x00000000ec180000)
 ParOldGen       total 68608K, used 27252K [0x00000000c0000000, 0x00000000c4300000, 0x00000000eab00000)
  object space 68608K, 39% used [0x00000000c0000000,0x00000000c1a9d2c0,0x00000000c4300000)
 Metaspace       used 53972K, committed 55040K, reserved 1114112K
  class space    used 5870K, committed 6336K, reserved 1048576K
}
Event: 18.150 GC heap after
{Heap after GC invocations=23 (full 2):
 PSYoungGen      total 23040K, used 1546K [0x00000000eab00000, 0x00000000ec380000, 0x0000000100000000)
  eden space 20992K, 0% used [0x00000000eab00000,0x00000000eab00000,0x00000000ebf80000)
  from space 2048K, 75% used [0x00000000ebf80000,0x00000000ec102830,0x00000000ec180000)
  to   space 2048K, 0% used [0x00000000ec180000,0x00000000ec180000,0x00000000ec380000)
 ParOldGen       total 68608K, used 28902K [0x00000000c0000000, 0x00000000c4300000, 0x00000000eab00000)
  object space 68608K, 42% used [0x00000000c0000000,0x00000000c1c39980,0x00000000c4300000)
 Metaspace       used 53972K, committed 55040K, reserved 1114112K
  class space    used 5870K, committed 6336K, reserved 1048576K
}
Event: 18.280 GC heap before
{Heap before GC invocations=24 (full 2):
 PSYoungGen      total 23040K, used 22538K [0x00000000eab00000, 0x00000000ec380000, 0x0000000100000000)
  eden space 20992K, 100% used [0x00000000eab00000,0x00000000ebf80000,0x00000000ebf80000)
  from space 2048K, 75% used [0x00000000ebf80000,0x00000000ec102830,0x00000000ec180000)
  to   space 2048K, 0% used [0x00000000ec180000,0x00000000ec180000,0x00000000ec380000)
 ParOldGen       total 68608K, used 28902K [0x00000000c0000000, 0x00000000c4300000, 0x00000000eab00000)
  object space 68608K, 42% used [0x00000000c0000000,0x00000000c1c39980,0x00000000c4300000)
 Metaspace       used 53990K, committed 55040K, reserved 1114112K
  class space    used 5870K, committed 6336K, reserved 1048576K
}
Event: 18.285 GC heap after
{Heap after GC invocations=24 (full 2):
 PSYoungGen      total 20480K, used 2035K [0x00000000eab00000, 0x00000000ec880000, 0x0000000100000000)
  eden space 18432K, 0% used [0x00000000eab00000,0x00000000eab00000,0x00000000ebd00000)
  from space 2048K, 99% used [0x00000000ec180000,0x00000000ec37cf88,0x00000000ec380000)
  to   space 4608K, 0% used [0x00000000ebd00000,0x00000000ebd00000,0x00000000ec180000)
 ParOldGen       total 68608K, used 30623K [0x00000000c0000000, 0x00000000c4300000, 0x00000000eab00000)
  object space 68608K, 44% used [0x00000000c0000000,0x00000000c1de7c28,0x00000000c4300000)
 Metaspace       used 53990K, committed 55040K, reserved 1114112K
  class space    used 5870K, committed 6336K, reserved 1048576K
}
Event: 18.698 GC heap before
{Heap before GC invocations=25 (full 2):
 PSYoungGen      total 20480K, used 20467K [0x00000000eab00000, 0x00000000ec880000, 0x0000000100000000)
  eden space 18432K, 100% used [0x00000000eab00000,0x00000000ebd00000,0x00000000ebd00000)
  from space 2048K, 99% used [0x00000000ec180000,0x00000000ec37cf88,0x00000000ec380000)
  to   space 4608K, 0% used [0x00000000ebd00000,0x00000000ebd00000,0x00000000ec180000)
 ParOldGen       total 68608K, used 30623K [0x00000000c0000000, 0x00000000c4300000, 0x00000000eab00000)
  object space 68608K, 44% used [0x00000000c0000000,0x00000000c1de7c28,0x00000000c4300000)
 Metaspace       used 54040K, committed 55104K, reserved 1114112K
  class space    used 5875K, committed 6400K, reserved 1048576K
}
Event: 18.703 GC heap after
{Heap after GC invocations=25 (full 2):
 PSYoungGen      total 20992K, used 2096K [0x00000000eab00000, 0x00000000ec300000, 0x0000000100000000)
  eden space 18432K, 0% used [0x00000000eab00000,0x00000000eab00000,0x00000000ebd00000)
  from space 2560K, 81% used [0x00000000ebd00000,0x00000000ebf0c020,0x00000000ebf80000)
  to   space 3072K, 0% used [0x00000000ec000000,0x00000000ec000000,0x00000000ec300000)
 ParOldGen       total 68608K, used 32675K [0x00000000c0000000, 0x00000000c4300000, 0x00000000eab00000)
  object space 68608K, 47% used [0x00000000c0000000,0x00000000c1fe8e70,0x00000000c4300000)
 Metaspace       used 54040K, committed 55104K, reserved 1114112K
  class space    used 5875K, committed 6400K, reserved 1048576K
}
Event: 19.374 GC heap before
{Heap before GC invocations=26 (full 2):
 PSYoungGen      total 20992K, used 20528K [0x00000000eab00000, 0x00000000ec300000, 0x0000000100000000)
  eden space 18432K, 100% used [0x00000000eab00000,0x00000000ebd00000,0x00000000ebd00000)
  from space 2560K, 81% used [0x00000000ebd00000,0x00000000ebf0c020,0x00000000ebf80000)
  to   space 3072K, 0% used [0x00000000ec000000,0x00000000ec000000,0x00000000ec300000)
 ParOldGen       total 68608K, used 32675K [0x00000000c0000000, 0x00000000c4300000, 0x00000000eab00000)
  object space 68608K, 47% used [0x00000000c0000000,0x00000000c1fe8e70,0x00000000c4300000)
 Metaspace       used 54876K, committed 56064K, reserved 1114112K
  class space    used 5961K, committed 6528K, reserved 1048576K
}
Event: 19.380 GC heap after
{Heap after GC invocations=26 (full 2):
 PSYoungGen      total 21504K, used 2657K [0x00000000eab00000, 0x00000000ec300000, 0x0000000100000000)
  eden space 18432K, 0% used [0x00000000eab00000,0x00000000eab00000,0x00000000ebd00000)
  from space 3072K, 86% used [0x00000000ec000000,0x00000000ec298700,0x00000000ec300000)
  to   space 3072K, 0% used [0x00000000ebd00000,0x00000000ebd00000,0x00000000ec000000)
 ParOldGen       total 68608K, used 34689K [0x00000000c0000000, 0x00000000c4300000, 0x00000000eab00000)
  object space 68608K, 50% used [0x00000000c0000000,0x00000000c21e0700,0x00000000c4300000)
 Metaspace       used 54876K, committed 56064K, reserved 1114112K
  class space    used 5961K, committed 6528K, reserved 1048576K
}

